<?xml version="1.0" encoding="utf-8"?><testsuites name="pytest tests"><testsuite name="pytest" errors="0" failures="0" skipped="0" tests="19" time="5.862" timestamp="2026-05-09T19:08:57.843734+00:00" hostname="agent-env-017f5cfc-9a0e-420d-8d15-c22b882c1124"><testcase classname="backend.tests.test_vicinomed_api.TestCatalog" name="test_specialties_returns_12" time="0.198" /><testcase classname="backend.tests.test_vicinomed_api.TestCatalog" name="test_doctors_seeded" time="0.088" /><testcase classname="backend.tests.test_vicinomed_api.TestCatalog" name="test_doctors_filter_by_specialty" time="0.050" /><testcase classname="backend.tests.test_vicinomed_api.TestCatalog" name="test_doctors_search_by_name" time="0.052" /><testcase classname="backend.tests.test_vicinomed_api.TestCatalog" name="test_doctor_detail_has_reviews" time="0.110" /><testcase classname="backend.tests.test_vicinomed_api.TestCatalog" name="test_doctor_detail_404" time="0.049" /><testcase classname="backend.tests.test_vicinomed_api.TestAvailability" name="test_weekday_returns_slots" time="0.103" /><testcase classname="backend.tests.test_vicinomed_api.TestAvailability" name="test_sunday_empty" time="0.098" /><testcase classname="backend.tests.test_vicinomed_api.TestAuth" name="test_register_doctor" time="0.348" /><testcase classname="backend.tests.test_vicinomed_api.TestAuth" name="test_register_duplicate_email" time="0.359" /><testcase classname="backend.tests.test_vicinomed_api.TestAuth" name="test_login_success" time="0.276" /><testcase classname="backend.tests.test_vicinomed_api.TestAuth" name="test_login_wrong_password" time="1.545" /><testcase classname="backend.tests.test_vicinomed_api.TestAuth" name="test_me_with_token" time="0.051" /><testcase classname="backend.tests.test_vicinomed_api.TestAuth" name="test_me_without_token" time="1.472" /><testcase classname="backend.tests.test_vicinomed_api.TestBookings" name="test_create_booking" time="0.167" /><testcase classname="backend.tests.test_vicinomed_api.TestBookings" name="test_double_booking_conflict" time="0.047" /><testcase classname="backend.tests.test_vicinomed_api.TestBookings" name="test_my_bookings" time="0.050" /><testcase classname="backend.tests.test_vicinomed_api.TestBookings" name="test_cancel_booking" time="0.114" /><testcase classname="backend.tests.test_vicinomed_api.TestBookings" name="test_doctor_bookings_endpoint" time="0.642" /></testsuite></testsuites>